Determining if the pthread_create exist failed with the following output:
Change Dir: /home/pulkit/Desktop/catkin_ws/src/minion-ros-gazeobo-rviz/Gazebo_Plugins/build/CMakeFiles/CMakeTmp

Run Build Command:"/usr/bin/make" "cmTC_9dd87/fast"
/usr/bin/make -f CMakeFiles/cmTC_9dd87.dir/build.make CMakeFiles/cmTC_9dd87.dir/build
make[1]: Entering directory '/home/pulkit/Desktop/catkin_ws/src/minion-ros-gazeobo-rviz/Gazebo_Plugins/build/CMakeFiles/CMakeTmp'
Building C object CMakeFiles/cmTC_9dd87.dir/CheckSymbolExists.c.o
/usr/bin/cc     -o CMakeFiles/cmTC_9dd87.dir/CheckSymbolExists.c.o   -c /home/pulkit/Desktop/catkin_ws/src/minion-ros-gazeobo-rviz/Gazebo_Plugins/build/CMakeFiles/CMakeTmp/CheckSymbolExists.c
Linking C executable cmTC_9dd87
/usr/bin/cmake -E cmake_link_script CMakeFiles/cmTC_9dd87.dir/link.txt --verbose=1
/usr/bin/cc       CMakeFiles/cmTC_9dd87.dir/CheckSymbolExists.c.o  -o cmTC_9dd87 -rdynamic 
CMakeFiles/cmTC_9dd87.dir/CheckSymbolExists.c.o: In function `main':
CheckSymbolExists.c:(.text+0x16): undefined reference to `pthread_create'
collect2: error: ld returned 1 exit status
CMakeFiles/cmTC_9dd87.dir/build.make:97: recipe for target 'cmTC_9dd87' failed
make[1]: *** [cmTC_9dd87] Error 1
make[1]: Leaving directory '/home/pulkit/Desktop/catkin_ws/src/minion-ros-gazeobo-rviz/Gazebo_Plugins/build/CMakeFiles/CMakeTmp'
Makefile:126: recipe for target 'cmTC_9dd87/fast' failed
make: *** [cmTC_9dd87/fast] Error 2

File /home/pulkit/Desktop/catkin_ws/src/minion-ros-gazeobo-rviz/Gazebo_Plugins/build/CMakeFiles/CMakeTmp/CheckSymbolExists.c:
/* */
#include <pthread.h>

int main(int argc, char** argv)
{
  (void)argv;
#ifndef pthread_create
  return ((int*)(&pthread_create))[argc];
#else
  (void)argc;
  return 0;
#endif
}

Determining if the function pthread_create exists in the pthreads failed with the following output:
Change Dir: /home/pulkit/Desktop/catkin_ws/src/minion-ros-gazeobo-rviz/Gazebo_Plugins/build/CMakeFiles/CMakeTmp

Run Build Command:"/usr/bin/make" "cmTC_b511c/fast"
/usr/bin/make -f CMakeFiles/cmTC_b511c.dir/build.make CMakeFiles/cmTC_b511c.dir/build
make[1]: Entering directory '/home/pulkit/Desktop/catkin_ws/src/minion-ros-gazeobo-rviz/Gazebo_Plugins/build/CMakeFiles/CMakeTmp'
Building C object CMakeFiles/cmTC_b511c.dir/CheckFunctionExists.c.o
/usr/bin/cc    -DCHECK_FUNCTION_EXISTS=pthread_create   -o CMakeFiles/cmTC_b511c.dir/CheckFunctionExists.c.o   -c /usr/share/cmake-3.5/Modules/CheckFunctionExists.c
Linking C executable cmTC_b511c
/usr/bin/cmake -E cmake_link_script CMakeFiles/cmTC_b511c.dir/link.txt --verbose=1
/usr/bin/cc   -DCHECK_FUNCTION_EXISTS=pthread_create    CMakeFiles/cmTC_b511c.dir/CheckFunctionExists.c.o  -o cmTC_b511c -rdynamic -lpthreads 
/usr/bin/ld: cannot find -lpthreads
collect2: error: ld returned 1 exit status
CMakeFiles/cmTC_b511c.dir/build.make:97: recipe for target 'cmTC_b511c' failed
make[1]: *** [cmTC_b511c] Error 1
make[1]: Leaving directory '/home/pulkit/Desktop/catkin_ws/src/minion-ros-gazeobo-rviz/Gazebo_Plugins/build/CMakeFiles/CMakeTmp'
Makefile:126: recipe for target 'cmTC_b511c/fast' failed
make: *** [cmTC_b511c/fast] Error 2


